<?xml version="1.0" encoding="UTF-8"?>
<!-- Generated by org.testng.reporters.JUnitReportReporter -->
<testsuite hostname="DESKTOP-U0GR5G6" name="myfirstCI.CI.myfirsttest" tests="1" failures="0" timestamp="2 May 2018 15:48:48 GMT" time="0.016" errors="0">
  <testcase name="firsttest" time="0.016" classname="myfirstCI.CI.myfirsttest"/>
</testsuite> <!-- myfirstCI.CI.myfirsttest -->
